<?xml version="1.0" encoding="UTF-8"?>
<!-- Generated by org.testng.reporters.JUnitReportReporter -->
<testsuite hostname="Sul_Ferdous" failures="0" tests="1" name="wrapper.ProjectSpecificWrapper" time="10.065" errors="0" timestamp="2022-10-20T20:31:11 EDT" skipped="0">
  <testcase classname="wrapper.ProjectSpecificWrapper" name="login" time="10.065"/>
</testsuite> <!-- wrapper.ProjectSpecificWrapper -->
