<?xml version="1.0" encoding="UTF-8"?>
<!-- Generated by org.testng.reporters.JUnitReportReporter -->
<testsuite hostname="Sul_Ferdous" failures="0" tests="1" name="learnTestNG_Parameter.Parameter_CreateLead" time="26.801" errors="0" timestamp="2022-11-13T17:33:18 EST" skipped="0">
  <testcase classname="learnTestNG_Parameter.Parameter_CreateLead" name="createLead" time="26.801"/>
</testsuite> <!-- learnTestNG_Parameter.Parameter_CreateLead -->
