<?xml version="1.0" encoding="UTF-8"?>
<!-- Generated by org.testng.reporters.JUnitReportReporter -->
<testsuite hostname="Sul_Ferdous" failures="0" tests="1" name="takeSnapshot.TakeScreenshots" time="90.858" errors="0" timestamp="2022-11-03T18:51:30 EDT" skipped="0">
  <testcase classname="takeSnapshot.TakeScreenshots" name="createLead" time="90.858"/>
</testsuite> <!-- takeSnapshot.TakeScreenshots -->
