<?xml version="1.0" encoding="UTF-8"?>
<!-- Generated by org.testng.reporters.JUnitReportReporter -->
<testsuite hostname="Sul_Ferdous" failures="0" tests="1" name="learnTestNG.Simple_Alert" time="10.197" errors="0" timestamp="2022-10-18T19:48:08 EDT" skipped="0">
  <testcase classname="learnTestNG.Simple_Alert" name="simpleAlert" time="10.197"/>
</testsuite> <!-- learnTestNG.Simple_Alert -->
